Started GET "/" for ::1 at 2019-08-05 00:18:29 +0530
  
ActionController::RoutingError (uninitialized constant InvoiceParserController):
  
bootsnap (1.4.4) lib/bootsnap/load_path_cache/core_ext/active_support.rb:79:in `block in load_missing_constant'
bootsnap (1.4.4) lib/bootsnap/load_path_cache/core_ext/active_support.rb:8:in `without_bootsnap_cache'
bootsnap (1.4.4) lib/bootsnap/load_path_cache/core_ext/active_support.rb:79:in `rescue in load_missing_constant'
bootsnap (1.4.4) lib/bootsnap/load_path_cache/core_ext/active_support.rb:58:in `load_missing_constant'
activesupport (5.2.3) lib/active_support/inflector/methods.rb:283:in `const_get'
activesupport (5.2.3) lib/active_support/inflector/methods.rb:283:in `block in constantize'
activesupport (5.2.3) lib/active_support/inflector/methods.rb:281:in `each'
activesupport (5.2.3) lib/active_support/inflector/methods.rb:281:in `inject'
activesupport (5.2.3) lib/active_support/inflector/methods.rb:281:in `constantize'
actionpack (5.2.3) lib/action_dispatch/http/request.rb:88:in `controller_class_for'
actionpack (5.2.3) lib/action_dispatch/http/request.rb:81:in `controller_class'
actionpack (5.2.3) lib/action_dispatch/routing/route_set.rb:46:in `controller'
actionpack (5.2.3) lib/action_dispatch/routing/route_set.rb:32:in `serve'
actionpack (5.2.3) lib/action_dispatch/journey/router.rb:52:in `block in serve'
actionpack (5.2.3) lib/action_dispatch/journey/router.rb:35:in `each'
actionpack (5.2.3) lib/action_dispatch/journey/router.rb:35:in `serve'
actionpack (5.2.3) lib/action_dispatch/routing/route_set.rb:840:in `call'
rack (2.0.7) lib/rack/tempfile_reaper.rb:15:in `call'
rack (2.0.7) lib/rack/etag.rb:25:in `call'
rack (2.0.7) lib/rack/conditional_get.rb:25:in `call'
rack (2.0.7) lib/rack/head.rb:12:in `call'
actionpack (5.2.3) lib/action_dispatch/http/content_security_policy.rb:18:in `call'
rack (2.0.7) lib/rack/session/abstract/id.rb:232:in `context'
rack (2.0.7) lib/rack/session/abstract/id.rb:226:in `call'
actionpack (5.2.3) lib/action_dispatch/middleware/cookies.rb:670:in `call'
activerecord (5.2.3) lib/active_record/migration.rb:559:in `call'
actionpack (5.2.3) lib/action_dispatch/middleware/callbacks.rb:28:in `block in call'
activesupport (5.2.3) lib/active_support/callbacks.rb:98:in `run_callbacks'
actionpack (5.2.3) lib/action_dispatch/middleware/callbacks.rb:26:in `call'
actionpack (5.2.3) lib/action_dispatch/middleware/executor.rb:14:in `call'
actionpack (5.2.3) lib/action_dispatch/middleware/debug_exceptions.rb:61:in `call'
web-console (3.7.0) lib/web_console/middleware.rb:135:in `call_app'
web-console (3.7.0) lib/web_console/middleware.rb:30:in `block in call'
web-console (3.7.0) lib/web_console/middleware.rb:20:in `catch'
web-console (3.7.0) lib/web_console/middleware.rb:20:in `call'
actionpack (5.2.3) lib/action_dispatch/middleware/show_exceptions.rb:33:in `call'
railties (5.2.3) lib/rails/rack/logger.rb:38:in `call_app'
railties (5.2.3) lib/rails/rack/logger.rb:26:in `block in call'
activesupport (5.2.3) lib/active_support/tagged_logging.rb:71:in `block in tagged'
activesupport (5.2.3) lib/active_support/tagged_logging.rb:28:in `tagged'
activesupport (5.2.3) lib/active_support/tagged_logging.rb:71:in `tagged'
railties (5.2.3) lib/rails/rack/logger.rb:26:in `call'
sprockets-rails (3.2.1) lib/sprockets/rails/quiet_assets.rb:13:in `call'
actionpack (5.2.3) lib/action_dispatch/middleware/remote_ip.rb:81:in `call'
actionpack (5.2.3) lib/action_dispatch/middleware/request_id.rb:27:in `call'
rack (2.0.7) lib/rack/method_override.rb:22:in `call'
rack (2.0.7) lib/rack/runtime.rb:22:in `call'
activesupport (5.2.3) lib/active_support/cache/strategy/local_cache_middleware.rb:29:in `call'
actionpack (5.2.3) lib/action_dispatch/middleware/executor.rb:14:in `call'
actionpack (5.2.3) lib/action_dispatch/middleware/static.rb:127:in `call'
rack (2.0.7) lib/rack/sendfile.rb:111:in `call'
railties (5.2.3) lib/rails/engine.rb:524:in `call'
puma (3.12.1) lib/puma/configuration.rb:227:in `call'
puma (3.12.1) lib/puma/server.rb:660:in `handle_request'
puma (3.12.1) lib/puma/server.rb:474:in `process_client'
puma (3.12.1) lib/puma/server.rb:334:in `block in run'
puma (3.12.1) lib/puma/thread_pool.rb:135:in `block in spawn_thread'
Started GET "/" for ::1 at 2019-08-05 00:19:10 +0530
Processing by InvoiceParserController#index as HTML
  Rendering invoice_parser/index.html.erb within layouts/application
  Rendered invoice_parser/index.html.erb within layouts/application (6.2ms)
Completed 500 Internal Server Error in 532ms (ActiveRecord: 0.0ms)


  
ActionView::Template::Error (couldn't find file 'turbolinks' with type 'application/javascript'
Checked in these paths: 
  /home/amit/Desktop/hub_test/rj-invoice-parsing/app/assets/config
  /home/amit/Desktop/hub_test/rj-invoice-parsing/app/assets/images
  /home/amit/Desktop/hub_test/rj-invoice-parsing/app/assets/javascripts
  /home/amit/Desktop/hub_test/rj-invoice-parsing/app/assets/stylesheets
  /home/amit/.rvm/gems/ruby-2.3.6/gems/actioncable-5.2.3/lib/assets/compiled
  /home/amit/.rvm/gems/ruby-2.3.6/gems/activestorage-5.2.3/app/assets/javascripts
  /home/amit/.rvm/gems/ruby-2.3.6/gems/actionview-5.2.3/lib/assets/compiled
  /home/amit/Desktop/hub_test/rj-invoice-parsing/node_modules):
     5:     <%= csrf_meta_tags %>
     6:     <%= csp_meta_tag %>
     7: 
     8:     <%= stylesheet_link_tag    'application', media: 'all', 'data-turbolinks-track': 'reload' %>
     9:     <%= javascript_include_tag 'application', 'data-turbolinks-track': 'reload' %>
    10:   </head>
    11: 
  
app/assets/javascripts/application.js:15
app/views/layouts/application.html.erb:8:in `_app_views_layouts_application_html_erb__2390302145227973460_69977936479140'
Started GET "/" for ::1 at 2019-08-05 00:19:55 +0530
Processing by InvoiceParserController#index as HTML
  Rendering invoice_parser/index.html.erb within layouts/application
  Rendered invoice_parser/index.html.erb within layouts/application (6.9ms)
Completed 500 Internal Server Error in 54ms (ActiveRecord: 0.0ms)


  
ActionView::Template::Error (couldn't find file 'turbolinks' with type 'application/javascript'
Checked in these paths: 
  /home/amit/Desktop/hub_test/rj-invoice-parsing/app/assets/config
  /home/amit/Desktop/hub_test/rj-invoice-parsing/app/assets/images
  /home/amit/Desktop/hub_test/rj-invoice-parsing/app/assets/javascripts
  /home/amit/Desktop/hub_test/rj-invoice-parsing/app/assets/stylesheets
  /home/amit/.rvm/gems/ruby-2.3.6/gems/actioncable-5.2.3/lib/assets/compiled
  /home/amit/.rvm/gems/ruby-2.3.6/gems/activestorage-5.2.3/app/assets/javascripts
  /home/amit/.rvm/gems/ruby-2.3.6/gems/actionview-5.2.3/lib/assets/compiled
  /home/amit/Desktop/hub_test/rj-invoice-parsing/node_modules):
     5:     <%= csrf_meta_tags %>
     6:     <%= csp_meta_tag %>
     7: 
     8:     <%= stylesheet_link_tag    'application', media: 'all', 'data-turbolinks-track': 'reload' %>
     9:     <%= javascript_include_tag 'application', 'data-turbolinks-track': 'reload' %>
    10:   </head>
    11: 
  
app/assets/javascripts/application.js:15
app/views/layouts/application.html.erb:8:in `_app_views_layouts_application_html_erb__2390302145227973460_22533600'
Started GET "/" for ::1 at 2019-08-05 00:21:10 +0530
Processing by InvoiceParserController#index as HTML
  Rendering invoice_parser/index.html.erb within layouts/application
  Rendered invoice_parser/index.html.erb within layouts/application (1.4ms)
Completed 200 OK in 239ms (Views: 231.2ms | ActiveRecord: 0.0ms)


Started POST "/invoice_parser" for ::1 at 2019-08-05 00:21:22 +0530
  
ActionController::RoutingError (No route matches [POST] "/invoice_parser"):
  
actionpack (5.2.3) lib/action_dispatch/middleware/debug_exceptions.rb:65:in `call'
web-console (3.7.0) lib/web_console/middleware.rb:135:in `call_app'
web-console (3.7.0) lib/web_console/middleware.rb:30:in `block in call'
web-console (3.7.0) lib/web_console/middleware.rb:20:in `catch'
web-console (3.7.0) lib/web_console/middleware.rb:20:in `call'
actionpack (5.2.3) lib/action_dispatch/middleware/show_exceptions.rb:33:in `call'
railties (5.2.3) lib/rails/rack/logger.rb:38:in `call_app'
railties (5.2.3) lib/rails/rack/logger.rb:26:in `block in call'
activesupport (5.2.3) lib/active_support/tagged_logging.rb:71:in `block in tagged'
activesupport (5.2.3) lib/active_support/tagged_logging.rb:28:in `tagged'
activesupport (5.2.3) lib/active_support/tagged_logging.rb:71:in `tagged'
railties (5.2.3) lib/rails/rack/logger.rb:26:in `call'
sprockets-rails (3.2.1) lib/sprockets/rails/quiet_assets.rb:13:in `call'
actionpack (5.2.3) lib/action_dispatch/middleware/remote_ip.rb:81:in `call'
actionpack (5.2.3) lib/action_dispatch/middleware/request_id.rb:27:in `call'
rack (2.0.7) lib/rack/method_override.rb:22:in `call'
rack (2.0.7) lib/rack/runtime.rb:22:in `call'
activesupport (5.2.3) lib/active_support/cache/strategy/local_cache_middleware.rb:29:in `call'
actionpack (5.2.3) lib/action_dispatch/middleware/executor.rb:14:in `call'
actionpack (5.2.3) lib/action_dispatch/middleware/static.rb:127:in `call'
rack (2.0.7) lib/rack/sendfile.rb:111:in `call'
railties (5.2.3) lib/rails/engine.rb:524:in `call'
puma (3.12.1) lib/puma/configuration.rb:227:in `call'
puma (3.12.1) lib/puma/server.rb:660:in `handle_request'
puma (3.12.1) lib/puma/server.rb:474:in `process_client'
puma (3.12.1) lib/puma/server.rb:334:in `block in run'
puma (3.12.1) lib/puma/thread_pool.rb:135:in `block in spawn_thread'
Started POST "/invoice_parser" for ::1 at 2019-08-05 00:23:44 +0530
  
ActionController::RoutingError (No route matches [POST] "/invoice_parser"):
  
actionpack (5.2.3) lib/action_dispatch/middleware/debug_exceptions.rb:65:in `call'
web-console (3.7.0) lib/web_console/middleware.rb:135:in `call_app'
web-console (3.7.0) lib/web_console/middleware.rb:30:in `block in call'
web-console (3.7.0) lib/web_console/middleware.rb:20:in `catch'
web-console (3.7.0) lib/web_console/middleware.rb:20:in `call'
actionpack (5.2.3) lib/action_dispatch/middleware/show_exceptions.rb:33:in `call'
railties (5.2.3) lib/rails/rack/logger.rb:38:in `call_app'
railties (5.2.3) lib/rails/rack/logger.rb:26:in `block in call'
activesupport (5.2.3) lib/active_support/tagged_logging.rb:71:in `block in tagged'
activesupport (5.2.3) lib/active_support/tagged_logging.rb:28:in `tagged'
activesupport (5.2.3) lib/active_support/tagged_logging.rb:71:in `tagged'
railties (5.2.3) lib/rails/rack/logger.rb:26:in `call'
sprockets-rails (3.2.1) lib/sprockets/rails/quiet_assets.rb:13:in `call'
actionpack (5.2.3) lib/action_dispatch/middleware/remote_ip.rb:81:in `call'
actionpack (5.2.3) lib/action_dispatch/middleware/request_id.rb:27:in `call'
rack (2.0.7) lib/rack/method_override.rb:22:in `call'
rack (2.0.7) lib/rack/runtime.rb:22:in `call'
activesupport (5.2.3) lib/active_support/cache/strategy/local_cache_middleware.rb:29:in `call'
actionpack (5.2.3) lib/action_dispatch/middleware/executor.rb:14:in `call'
actionpack (5.2.3) lib/action_dispatch/middleware/static.rb:127:in `call'
rack (2.0.7) lib/rack/sendfile.rb:111:in `call'
railties (5.2.3) lib/rails/engine.rb:524:in `call'
puma (3.12.1) lib/puma/configuration.rb:227:in `call'
puma (3.12.1) lib/puma/server.rb:660:in `handle_request'
puma (3.12.1) lib/puma/server.rb:474:in `process_client'
puma (3.12.1) lib/puma/server.rb:334:in `block in run'
puma (3.12.1) lib/puma/thread_pool.rb:135:in `block in spawn_thread'
Started POST "/invoice_parser" for ::1 at 2019-08-05 00:23:50 +0530
  
ActionController::RoutingError (No route matches [POST] "/invoice_parser"):
  
actionpack (5.2.3) lib/action_dispatch/middleware/debug_exceptions.rb:65:in `call'
web-console (3.7.0) lib/web_console/middleware.rb:135:in `call_app'
web-console (3.7.0) lib/web_console/middleware.rb:30:in `block in call'
web-console (3.7.0) lib/web_console/middleware.rb:20:in `catch'
web-console (3.7.0) lib/web_console/middleware.rb:20:in `call'
actionpack (5.2.3) lib/action_dispatch/middleware/show_exceptions.rb:33:in `call'
railties (5.2.3) lib/rails/rack/logger.rb:38:in `call_app'
railties (5.2.3) lib/rails/rack/logger.rb:26:in `block in call'
activesupport (5.2.3) lib/active_support/tagged_logging.rb:71:in `block in tagged'
activesupport (5.2.3) lib/active_support/tagged_logging.rb:28:in `tagged'
activesupport (5.2.3) lib/active_support/tagged_logging.rb:71:in `tagged'
railties (5.2.3) lib/rails/rack/logger.rb:26:in `call'
sprockets-rails (3.2.1) lib/sprockets/rails/quiet_assets.rb:13:in `call'
actionpack (5.2.3) lib/action_dispatch/middleware/remote_ip.rb:81:in `call'
actionpack (5.2.3) lib/action_dispatch/middleware/request_id.rb:27:in `call'
rack (2.0.7) lib/rack/method_override.rb:22:in `call'
rack (2.0.7) lib/rack/runtime.rb:22:in `call'
activesupport (5.2.3) lib/active_support/cache/strategy/local_cache_middleware.rb:29:in `call'
actionpack (5.2.3) lib/action_dispatch/middleware/executor.rb:14:in `call'
actionpack (5.2.3) lib/action_dispatch/middleware/static.rb:127:in `call'
rack (2.0.7) lib/rack/sendfile.rb:111:in `call'
railties (5.2.3) lib/rails/engine.rb:524:in `call'
puma (3.12.1) lib/puma/configuration.rb:227:in `call'
puma (3.12.1) lib/puma/server.rb:660:in `handle_request'
puma (3.12.1) lib/puma/server.rb:474:in `process_client'
puma (3.12.1) lib/puma/server.rb:334:in `block in run'
puma (3.12.1) lib/puma/thread_pool.rb:135:in `block in spawn_thread'
Started POST "/invoice_parser" for ::1 at 2019-08-05 00:24:57 +0530
  
ActionController::RoutingError (No route matches [POST] "/invoice_parser"):
  
actionpack (5.2.3) lib/action_dispatch/middleware/debug_exceptions.rb:65:in `call'
web-console (3.7.0) lib/web_console/middleware.rb:135:in `call_app'
web-console (3.7.0) lib/web_console/middleware.rb:30:in `block in call'
web-console (3.7.0) lib/web_console/middleware.rb:20:in `catch'
web-console (3.7.0) lib/web_console/middleware.rb:20:in `call'
actionpack (5.2.3) lib/action_dispatch/middleware/show_exceptions.rb:33:in `call'
railties (5.2.3) lib/rails/rack/logger.rb:38:in `call_app'
railties (5.2.3) lib/rails/rack/logger.rb:26:in `block in call'
activesupport (5.2.3) lib/active_support/tagged_logging.rb:71:in `block in tagged'
activesupport (5.2.3) lib/active_support/tagged_logging.rb:28:in `tagged'
activesupport (5.2.3) lib/active_support/tagged_logging.rb:71:in `tagged'
railties (5.2.3) lib/rails/rack/logger.rb:26:in `call'
sprockets-rails (3.2.1) lib/sprockets/rails/quiet_assets.rb:13:in `call'
actionpack (5.2.3) lib/action_dispatch/middleware/remote_ip.rb:81:in `call'
actionpack (5.2.3) lib/action_dispatch/middleware/request_id.rb:27:in `call'
rack (2.0.7) lib/rack/method_override.rb:22:in `call'
rack (2.0.7) lib/rack/runtime.rb:22:in `call'
activesupport (5.2.3) lib/active_support/cache/strategy/local_cache_middleware.rb:29:in `call'
actionpack (5.2.3) lib/action_dispatch/middleware/executor.rb:14:in `call'
actionpack (5.2.3) lib/action_dispatch/middleware/static.rb:127:in `call'
rack (2.0.7) lib/rack/sendfile.rb:111:in `call'
railties (5.2.3) lib/rails/engine.rb:524:in `call'
puma (3.12.1) lib/puma/configuration.rb:227:in `call'
puma (3.12.1) lib/puma/server.rb:660:in `handle_request'
puma (3.12.1) lib/puma/server.rb:474:in `process_client'
puma (3.12.1) lib/puma/server.rb:334:in `block in run'
puma (3.12.1) lib/puma/thread_pool.rb:135:in `block in spawn_thread'
Started GET "/" for ::1 at 2019-08-05 00:25:04 +0530
Processing by InvoiceParserController#index as HTML
  Rendering invoice_parser/index.html.erb within layouts/application
  Rendered invoice_parser/index.html.erb within layouts/application (1.3ms)
Completed 200 OK in 21ms (Views: 19.9ms | ActiveRecord: 0.0ms)


Started GET "/" for ::1 at 2019-08-05 00:25:45 +0530
Processing by InvoiceParserController#index as HTML
  Rendering invoice_parser/index.html.erb within layouts/application
  Rendered invoice_parser/index.html.erb within layouts/application (4.0ms)
Completed 200 OK in 57ms (Views: 52.8ms | ActiveRecord: 0.0ms)


Started GET "/" for ::1 at 2019-08-05 00:26:38 +0530
Processing by InvoiceParserController#index as HTML
  Rendering invoice_parser/index.html.erb within layouts/application
  Rendered invoice_parser/index.html.erb within layouts/application (7.0ms)
Completed 200 OK in 69ms (Views: 66.0ms | ActiveRecord: 0.0ms)


Started GET "/" for ::1 at 2019-08-05 00:27:02 +0530
Processing by InvoiceParserController#index as HTML
  Rendering invoice_parser/index.html.erb within layouts/application
  Rendered invoice_parser/index.html.erb within layouts/application (3.8ms)
Completed 200 OK in 79ms (Views: 74.7ms | ActiveRecord: 0.0ms)


Started GET "/" for ::1 at 2019-08-05 00:31:10 +0530
Processing by InvoiceParserController#index as HTML
  Rendering invoice_parser/index.html.erb within layouts/application
  Rendered invoice_parser/index.html.erb within layouts/application (6.6ms)
Completed 200 OK in 94ms (Views: 88.1ms | ActiveRecord: 0.0ms)


Started GET "/" for ::1 at 2019-08-05 00:31:13 +0530
Processing by InvoiceParserController#index as HTML
  Rendering invoice_parser/index.html.erb within layouts/application
  Rendered invoice_parser/index.html.erb within layouts/application (4.5ms)
Completed 200 OK in 69ms (Views: 63.4ms | ActiveRecord: 0.0ms)


Started GET "/" for ::1 at 2019-08-05 00:31:51 +0530
Processing by InvoiceParserController#index as HTML
  Rendering invoice_parser/index.html.erb within layouts/application
  Rendered invoice_parser/index.html.erb within layouts/application (6.0ms)
Completed 200 OK in 77ms (Views: 71.9ms | ActiveRecord: 0.0ms)


Started GET "/" for ::1 at 2019-08-05 00:31:53 +0530
Processing by InvoiceParserController#index as HTML
  Rendering invoice_parser/index.html.erb within layouts/application
  Rendered invoice_parser/index.html.erb within layouts/application (1.5ms)
Completed 200 OK in 26ms (Views: 24.0ms | ActiveRecord: 0.0ms)


Started GET "/" for ::1 at 2019-08-05 00:32:04 +0530
Processing by InvoiceParserController#index as HTML
  Rendering invoice_parser/index.html.erb within layouts/application
  Rendered invoice_parser/index.html.erb within layouts/application (4.3ms)
Completed 200 OK in 62ms (Views: 58.1ms | ActiveRecord: 0.0ms)


Started GET "/" for ::1 at 2019-08-05 00:34:08 +0530
Processing by InvoiceParserController#index as HTML
  Rendering invoice_parser/index.html.erb within layouts/application
  Rendered invoice_parser/index.html.erb within layouts/application (7.5ms)
Completed 200 OK in 817ms (Views: 791.2ms | ActiveRecord: 0.0ms)


Started GET "/" for ::1 at 2019-08-05 00:34:11 +0530
Processing by InvoiceParserController#index as HTML
  Rendering invoice_parser/index.html.erb within layouts/application
  Rendered invoice_parser/index.html.erb within layouts/application (7.2ms)
Completed 200 OK in 73ms (Views: 68.8ms | ActiveRecord: 0.0ms)


Started GET "/" for ::1 at 2019-08-05 00:57:57 +0530
Processing by InvoiceParserController#index as HTML
  Rendering invoice_parser/index.html.erb within layouts/application
  Rendered invoice_parser/index.html.erb within layouts/application (3.4ms)
Completed 500 Internal Server Error in 647ms (ActiveRecord: 0.0ms)


  
ActionView::Template::Error (couldn't find file 'bootstrap' with type 'text/css'
Checked in these paths: 
  /home/amit/Desktop/hub_test/rj-invoice-parsing/app/assets/config
  /home/amit/Desktop/hub_test/rj-invoice-parsing/app/assets/images
  /home/amit/Desktop/hub_test/rj-invoice-parsing/app/assets/javascripts
  /home/amit/Desktop/hub_test/rj-invoice-parsing/app/assets/stylesheets
  /home/amit/.rvm/gems/ruby-2.3.6/gems/actioncable-5.2.3/lib/assets/compiled
  /home/amit/.rvm/gems/ruby-2.3.6/gems/activestorage-5.2.3/app/assets/javascripts
  /home/amit/.rvm/gems/ruby-2.3.6/gems/actionview-5.2.3/lib/assets/compiled
  /home/amit/.rvm/gems/ruby-2.3.6/gems/turbolinks-source-5.2.0/lib/assets/javascripts
  /home/amit/Desktop/hub_test/rj-invoice-parsing/node_modules
  /home/amit/.rvm/gems/ruby-2.3.6/gems/popper_js-1.14.5/assets/javascripts
  /home/amit/.rvm/gems/ruby-2.3.6/gems/bootstrap-4.3.1/assets/stylesheets
  /home/amit/.rvm/gems/ruby-2.3.6/gems/bootstrap-4.3.1/assets/javascripts):
     5:     <%= csrf_meta_tags %>
     6:     <%= csp_meta_tag %>
     7: 
     8:     <%= stylesheet_link_tag    'application', media: 'all', 'data-turbolinks-track': 'reload' %>
     9:     <%= javascript_include_tag 'application', 'data-turbolinks-track': 'reload' %>
    10:   </head>
    11: 
  
app/assets/stylesheets/application.css:13
app/views/layouts/application.html.erb:8:in `_app_views_layouts_application_html_erb__3967285994608980529_30230380'
Started GET "/" for ::1 at 2019-08-05 01:00:07 +0530
Processing by InvoiceParserController#index as HTML
  Rendering invoice_parser/index.html.erb within layouts/application
  Rendered invoice_parser/index.html.erb within layouts/application (3.0ms)
Completed 200 OK in 5403ms (Views: 5399.0ms | ActiveRecord: 0.0ms)


Started GET "/" for ::1 at 2019-08-05 01:02:39 +0530
Processing by InvoiceParserController#index as HTML
  Rendering invoice_parser/index.html.erb within layouts/application
  Rendered invoice_parser/index.html.erb within layouts/application (3.4ms)
Completed 200 OK in 2193ms (Views: 2187.5ms | ActiveRecord: 0.0ms)


Started GET "/" for ::1 at 2019-08-05 01:08:51 +0530
Processing by InvoiceParserController#index as HTML
  Rendering invoice_parser/index.html.erb within layouts/application
  Rendered invoice_parser/index.html.erb within layouts/application (6.7ms)
Completed 200 OK in 36ms (Views: 31.1ms | ActiveRecord: 0.0ms)


Started GET "/" for ::1 at 2019-08-05 01:10:10 +0530
Processing by InvoiceParserController#index as HTML
  Rendering invoice_parser/index.html.erb within layouts/application
  Rendered invoice_parser/index.html.erb within layouts/application (2.4ms)
Completed 500 Internal Server Error in 12ms (ActiveRecord: 0.0ms)


  
SyntaxError (/home/amit/Desktop/hub_test/rj-invoice-parsing/app/views/invoice_parser/index.html.erb:18: syntax error, unexpected '='
...( file_field_tag "file", class="form-control" );@output_buff...
...                               ^
/home/amit/Desktop/hub_test/rj-invoice-parsing/app/views/invoice_parser/index.html.erb:23: syntax error, unexpected '='
...fer.append=( submit_tag, class="form-control");@output_buffe...
...                               ^):
  
app/views/invoice_parser/index.html.erb:18: syntax error, unexpected '='
app/views/invoice_parser/index.html.erb:23: syntax error, unexpected '='
Started GET "/upload" for ::1 at 2019-08-05 01:11:37 +0530
  
ActionController::RoutingError (No route matches [GET] "/upload"):
  
actionpack (5.2.3) lib/action_dispatch/middleware/debug_exceptions.rb:65:in `call'
web-console (3.7.0) lib/web_console/middleware.rb:135:in `call_app'
web-console (3.7.0) lib/web_console/middleware.rb:30:in `block in call'
web-console (3.7.0) lib/web_console/middleware.rb:20:in `catch'
web-console (3.7.0) lib/web_console/middleware.rb:20:in `call'
actionpack (5.2.3) lib/action_dispatch/middleware/show_exceptions.rb:33:in `call'
railties (5.2.3) lib/rails/rack/logger.rb:38:in `call_app'
railties (5.2.3) lib/rails/rack/logger.rb:26:in `block in call'
activesupport (5.2.3) lib/active_support/tagged_logging.rb:71:in `block in tagged'
activesupport (5.2.3) lib/active_support/tagged_logging.rb:28:in `tagged'
activesupport (5.2.3) lib/active_support/tagged_logging.rb:71:in `tagged'
railties (5.2.3) lib/rails/rack/logger.rb:26:in `call'
sprockets-rails (3.2.1) lib/sprockets/rails/quiet_assets.rb:13:in `call'
actionpack (5.2.3) lib/action_dispatch/middleware/remote_ip.rb:81:in `call'
actionpack (5.2.3) lib/action_dispatch/middleware/request_id.rb:27:in `call'
rack (2.0.7) lib/rack/method_override.rb:22:in `call'
rack (2.0.7) lib/rack/runtime.rb:22:in `call'
activesupport (5.2.3) lib/active_support/cache/strategy/local_cache_middleware.rb:29:in `call'
actionpack (5.2.3) lib/action_dispatch/middleware/executor.rb:14:in `call'
actionpack (5.2.3) lib/action_dispatch/middleware/static.rb:127:in `call'
rack (2.0.7) lib/rack/sendfile.rb:111:in `call'
railties (5.2.3) lib/rails/engine.rb:524:in `call'
puma (3.12.1) lib/puma/configuration.rb:227:in `call'
puma (3.12.1) lib/puma/server.rb:660:in `handle_request'
puma (3.12.1) lib/puma/server.rb:474:in `process_client'
puma (3.12.1) lib/puma/server.rb:334:in `block in run'
puma (3.12.1) lib/puma/thread_pool.rb:135:in `block in spawn_thread'
Started GET "/" for ::1 at 2019-08-05 01:11:42 +0530
Processing by InvoiceParserController#index as HTML
  Rendering invoice_parser/index.html.erb within layouts/application
  Rendered invoice_parser/index.html.erb within layouts/application (2.8ms)
Completed 500 Internal Server Error in 24ms (ActiveRecord: 0.0ms)


  
SyntaxError (/home/amit/Desktop/hub_test/rj-invoice-parsing/app/views/invoice_parser/index.html.erb:23: syntax error, unexpected tLABEL, expecting '='
...fer.append=( submit_tag, class: "form-control");@output_buff...
...                               ^):
  
app/views/invoice_parser/index.html.erb:23: syntax error, unexpected tLABEL, expecting '='
Started GET "/" for ::1 at 2019-08-05 01:12:02 +0530
Processing by InvoiceParserController#index as HTML
  Rendering invoice_parser/index.html.erb within layouts/application
  Rendered invoice_parser/index.html.erb within layouts/application (285.8ms)
Completed 500 Internal Server Error in 293ms (ActiveRecord: 0.0ms)


  
ActionView::Template::Error (undefined local variable or method `submit' for #<#<Class:0x0000000003920e98>:0x0000000003a66168>
Did you mean?  submit_tag):
    20:     <br>
    21:   </div>
    22:   <div> 
    23:     <%= submit_tag submit, class: "form-control"%>
    24:   </div>
    25: <% end %>
    26: 
  
app/views/invoice_parser/index.html.erb:23:in `block in _app_views_invoice_parser_index_html_erb__4165782217701904032_30623820'
app/views/invoice_parser/index.html.erb:15:in `_app_views_invoice_parser_index_html_erb__4165782217701904032_30623820'
Started GET "/" for ::1 at 2019-08-05 01:13:23 +0530
Processing by InvoiceParserController#index as HTML
  Rendering invoice_parser/index.html.erb within layouts/application
  Rendered invoice_parser/index.html.erb within layouts/application (4.2ms)
Completed 200 OK in 98ms (Views: 93.9ms | ActiveRecord: 0.0ms)


Started GET "/" for ::1 at 2019-08-05 01:15:00 +0530
Processing by InvoiceParserController#index as HTML
  Rendering invoice_parser/index.html.erb within layouts/application
  Rendered invoice_parser/index.html.erb within layouts/application (3.6ms)
Completed 200 OK in 70ms (Views: 62.0ms | ActiveRecord: 0.0ms)


Started GET "/" for ::1 at 2019-08-05 01:16:53 +0530
Processing by InvoiceParserController#index as HTML
  Rendering invoice_parser/index.html.erb within layouts/application
  Rendered invoice_parser/index.html.erb within layouts/application (3.4ms)
Completed 200 OK in 46ms (Views: 34.1ms | ActiveRecord: 0.0ms)


Started GET "/" for ::1 at 2019-08-05 01:17:25 +0530
Processing by InvoiceParserController#index as HTML
  Rendering invoice_parser/index.html.erb within layouts/application
  Rendered invoice_parser/index.html.erb within layouts/application (1.1ms)
Completed 200 OK in 23ms (Views: 18.8ms | ActiveRecord: 0.0ms)


Started GET "/" for ::1 at 2019-08-05 01:17:58 +0530
Processing by InvoiceParserController#index as HTML
  Rendering invoice_parser/index.html.erb within layouts/application
  Rendered invoice_parser/index.html.erb within layouts/application (3.7ms)
Completed 200 OK in 39ms (Views: 32.8ms | ActiveRecord: 0.0ms)


Started GET "/" for ::1 at 2019-08-05 01:19:33 +0530
Processing by InvoiceParserController#index as HTML
  Rendering invoice_parser/index.html.erb within layouts/application
  Rendered invoice_parser/index.html.erb within layouts/application (3.5ms)
Completed 200 OK in 73ms (Views: 66.7ms | ActiveRecord: 0.0ms)


Started GET "/" for ::1 at 2019-08-05 01:19:51 +0530
Processing by InvoiceParserController#index as HTML
  Rendering invoice_parser/index.html.erb within layouts/application
  Rendered invoice_parser/index.html.erb within layouts/application (3.5ms)
Completed 200 OK in 50ms (Views: 46.7ms | ActiveRecord: 0.0ms)


Started GET "/" for ::1 at 2019-08-05 01:22:03 +0530
Processing by InvoiceParserController#index as HTML
  Rendering invoice_parser/index.html.erb within layouts/application
  Rendered invoice_parser/index.html.erb within layouts/application (3.5ms)
Completed 200 OK in 55ms (Views: 51.0ms | ActiveRecord: 0.0ms)


Started GET "/" for ::1 at 2019-08-05 01:23:21 +0530
Processing by InvoiceParserController#index as HTML
  Rendering invoice_parser/index.html.erb within layouts/application
  Rendered invoice_parser/index.html.erb within layouts/application (3.1ms)
Completed 200 OK in 62ms (Views: 58.6ms | ActiveRecord: 0.0ms)


Started GET "/" for ::1 at 2019-08-05 01:23:55 +0530
Processing by InvoiceParserController#index as HTML
  Rendering invoice_parser/index.html.erb within layouts/application
  Rendered invoice_parser/index.html.erb within layouts/application (3.9ms)
Completed 200 OK in 61ms (Views: 54.5ms | ActiveRecord: 0.0ms)


Started GET "/" for ::1 at 2019-08-05 01:24:49 +0530
Processing by InvoiceParserController#index as HTML
  Rendering invoice_parser/index.html.erb within layouts/application
  Rendered invoice_parser/index.html.erb within layouts/application (4.2ms)
Completed 200 OK in 88ms (Views: 84.0ms | ActiveRecord: 0.0ms)


Started GET "/" for ::1 at 2019-08-05 01:25:14 +0530
Processing by InvoiceParserController#index as HTML
  Rendering invoice_parser/index.html.erb within layouts/application
  Rendered invoice_parser/index.html.erb within layouts/application (2.0ms)
Completed 200 OK in 24ms (Views: 20.4ms | ActiveRecord: 0.0ms)


Started GET "/" for ::1 at 2019-08-05 01:26:07 +0530
Processing by InvoiceParserController#index as HTML
  Rendering invoice_parser/index.html.erb within layouts/application
  Rendered invoice_parser/index.html.erb within layouts/application (2.4ms)
Completed 200 OK in 60ms (Views: 56.4ms | ActiveRecord: 0.0ms)


Started GET "/" for ::1 at 2019-08-05 01:26:20 +0530
Processing by InvoiceParserController#index as HTML
  Rendering invoice_parser/index.html.erb within layouts/application
  Rendered invoice_parser/index.html.erb within layouts/application (3.0ms)
Completed 200 OK in 54ms (Views: 50.4ms | ActiveRecord: 0.0ms)


Started POST "/invoice_parser" for ::1 at 2019-08-05 01:26:32 +0530
  
ActionController::RoutingError (No route matches [POST] "/invoice_parser"):
  
actionpack (5.2.3) lib/action_dispatch/middleware/debug_exceptions.rb:65:in `call'
web-console (3.7.0) lib/web_console/middleware.rb:135:in `call_app'
web-console (3.7.0) lib/web_console/middleware.rb:30:in `block in call'
web-console (3.7.0) lib/web_console/middleware.rb:20:in `catch'
web-console (3.7.0) lib/web_console/middleware.rb:20:in `call'
actionpack (5.2.3) lib/action_dispatch/middleware/show_exceptions.rb:33:in `call'
railties (5.2.3) lib/rails/rack/logger.rb:38:in `call_app'
railties (5.2.3) lib/rails/rack/logger.rb:26:in `block in call'
activesupport (5.2.3) lib/active_support/tagged_logging.rb:71:in `block in tagged'
activesupport (5.2.3) lib/active_support/tagged_logging.rb:28:in `tagged'
activesupport (5.2.3) lib/active_support/tagged_logging.rb:71:in `tagged'
railties (5.2.3) lib/rails/rack/logger.rb:26:in `call'
sprockets-rails (3.2.1) lib/sprockets/rails/quiet_assets.rb:13:in `call'
actionpack (5.2.3) lib/action_dispatch/middleware/remote_ip.rb:81:in `call'
actionpack (5.2.3) lib/action_dispatch/middleware/request_id.rb:27:in `call'
rack (2.0.7) lib/rack/method_override.rb:22:in `call'
rack (2.0.7) lib/rack/runtime.rb:22:in `call'
activesupport (5.2.3) lib/active_support/cache/strategy/local_cache_middleware.rb:29:in `call'
actionpack (5.2.3) lib/action_dispatch/middleware/executor.rb:14:in `call'
actionpack (5.2.3) lib/action_dispatch/middleware/static.rb:127:in `call'
rack (2.0.7) lib/rack/sendfile.rb:111:in `call'
railties (5.2.3) lib/rails/engine.rb:524:in `call'
puma (3.12.1) lib/puma/configuration.rb:227:in `call'
puma (3.12.1) lib/puma/server.rb:660:in `handle_request'
puma (3.12.1) lib/puma/server.rb:474:in `process_client'
puma (3.12.1) lib/puma/server.rb:334:in `block in run'
puma (3.12.1) lib/puma/thread_pool.rb:135:in `block in spawn_thread'
Started POST "/invoice_parser" for ::1 at 2019-08-05 01:27:16 +0530
  
ActionController::RoutingError (No route matches [POST] "/invoice_parser"):
  
actionpack (5.2.3) lib/action_dispatch/middleware/debug_exceptions.rb:65:in `call'
web-console (3.7.0) lib/web_console/middleware.rb:135:in `call_app'
web-console (3.7.0) lib/web_console/middleware.rb:30:in `block in call'
web-console (3.7.0) lib/web_console/middleware.rb:20:in `catch'
web-console (3.7.0) lib/web_console/middleware.rb:20:in `call'
actionpack (5.2.3) lib/action_dispatch/middleware/show_exceptions.rb:33:in `call'
railties (5.2.3) lib/rails/rack/logger.rb:38:in `call_app'
railties (5.2.3) lib/rails/rack/logger.rb:26:in `block in call'
activesupport (5.2.3) lib/active_support/tagged_logging.rb:71:in `block in tagged'
activesupport (5.2.3) lib/active_support/tagged_logging.rb:28:in `tagged'
activesupport (5.2.3) lib/active_support/tagged_logging.rb:71:in `tagged'
railties (5.2.3) lib/rails/rack/logger.rb:26:in `call'
sprockets-rails (3.2.1) lib/sprockets/rails/quiet_assets.rb:13:in `call'
actionpack (5.2.3) lib/action_dispatch/middleware/remote_ip.rb:81:in `call'
actionpack (5.2.3) lib/action_dispatch/middleware/request_id.rb:27:in `call'
rack (2.0.7) lib/rack/method_override.rb:22:in `call'
rack (2.0.7) lib/rack/runtime.rb:22:in `call'
activesupport (5.2.3) lib/active_support/cache/strategy/local_cache_middleware.rb:29:in `call'
actionpack (5.2.3) lib/action_dispatch/middleware/executor.rb:14:in `call'
actionpack (5.2.3) lib/action_dispatch/middleware/static.rb:127:in `call'
rack (2.0.7) lib/rack/sendfile.rb:111:in `call'
railties (5.2.3) lib/rails/engine.rb:524:in `call'
puma (3.12.1) lib/puma/configuration.rb:227:in `call'
puma (3.12.1) lib/puma/server.rb:660:in `handle_request'
puma (3.12.1) lib/puma/server.rb:474:in `process_client'
puma (3.12.1) lib/puma/server.rb:334:in `block in run'
puma (3.12.1) lib/puma/thread_pool.rb:135:in `block in spawn_thread'
Started GET "/invoice_parser" for ::1 at 2019-08-05 01:27:18 +0530
  
ActionController::RoutingError (No route matches [GET] "/invoice_parser"):
  
actionpack (5.2.3) lib/action_dispatch/middleware/debug_exceptions.rb:65:in `call'
web-console (3.7.0) lib/web_console/middleware.rb:135:in `call_app'
web-console (3.7.0) lib/web_console/middleware.rb:30:in `block in call'
web-console (3.7.0) lib/web_console/middleware.rb:20:in `catch'
web-console (3.7.0) lib/web_console/middleware.rb:20:in `call'
actionpack (5.2.3) lib/action_dispatch/middleware/show_exceptions.rb:33:in `call'
railties (5.2.3) lib/rails/rack/logger.rb:38:in `call_app'
railties (5.2.3) lib/rails/rack/logger.rb:26:in `block in call'
activesupport (5.2.3) lib/active_support/tagged_logging.rb:71:in `block in tagged'
activesupport (5.2.3) lib/active_support/tagged_logging.rb:28:in `tagged'
activesupport (5.2.3) lib/active_support/tagged_logging.rb:71:in `tagged'
railties (5.2.3) lib/rails/rack/logger.rb:26:in `call'
sprockets-rails (3.2.1) lib/sprockets/rails/quiet_assets.rb:13:in `call'
actionpack (5.2.3) lib/action_dispatch/middleware/remote_ip.rb:81:in `call'
actionpack (5.2.3) lib/action_dispatch/middleware/request_id.rb:27:in `call'
rack (2.0.7) lib/rack/method_override.rb:22:in `call'
rack (2.0.7) lib/rack/runtime.rb:22:in `call'
activesupport (5.2.3) lib/active_support/cache/strategy/local_cache_middleware.rb:29:in `call'
actionpack (5.2.3) lib/action_dispatch/middleware/executor.rb:14:in `call'
actionpack (5.2.3) lib/action_dispatch/middleware/static.rb:127:in `call'
rack (2.0.7) lib/rack/sendfile.rb:111:in `call'
railties (5.2.3) lib/rails/engine.rb:524:in `call'
puma (3.12.1) lib/puma/configuration.rb:227:in `call'
puma (3.12.1) lib/puma/server.rb:660:in `handle_request'
puma (3.12.1) lib/puma/server.rb:474:in `process_client'
puma (3.12.1) lib/puma/server.rb:334:in `block in run'
puma (3.12.1) lib/puma/thread_pool.rb:135:in `block in spawn_thread'
Started POST "/invoice_parser" for ::1 at 2019-08-05 01:27:23 +0530
  
ActionController::RoutingError (No route matches [POST] "/invoice_parser"):
  
actionpack (5.2.3) lib/action_dispatch/middleware/debug_exceptions.rb:65:in `call'
web-console (3.7.0) lib/web_console/middleware.rb:135:in `call_app'
web-console (3.7.0) lib/web_console/middleware.rb:30:in `block in call'
web-console (3.7.0) lib/web_console/middleware.rb:20:in `catch'
web-console (3.7.0) lib/web_console/middleware.rb:20:in `call'
actionpack (5.2.3) lib/action_dispatch/middleware/show_exceptions.rb:33:in `call'
railties (5.2.3) lib/rails/rack/logger.rb:38:in `call_app'
railties (5.2.3) lib/rails/rack/logger.rb:26:in `block in call'
activesupport (5.2.3) lib/active_support/tagged_logging.rb:71:in `block in tagged'
activesupport (5.2.3) lib/active_support/tagged_logging.rb:28:in `tagged'
activesupport (5.2.3) lib/active_support/tagged_logging.rb:71:in `tagged'
railties (5.2.3) lib/rails/rack/logger.rb:26:in `call'
sprockets-rails (3.2.1) lib/sprockets/rails/quiet_assets.rb:13:in `call'
actionpack (5.2.3) lib/action_dispatch/middleware/remote_ip.rb:81:in `call'
actionpack (5.2.3) lib/action_dispatch/middleware/request_id.rb:27:in `call'
rack (2.0.7) lib/rack/method_override.rb:22:in `call'
rack (2.0.7) lib/rack/runtime.rb:22:in `call'
activesupport (5.2.3) lib/active_support/cache/strategy/local_cache_middleware.rb:29:in `call'
actionpack (5.2.3) lib/action_dispatch/middleware/executor.rb:14:in `call'
actionpack (5.2.3) lib/action_dispatch/middleware/static.rb:127:in `call'
rack (2.0.7) lib/rack/sendfile.rb:111:in `call'
railties (5.2.3) lib/rails/engine.rb:524:in `call'
puma (3.12.1) lib/puma/configuration.rb:227:in `call'
puma (3.12.1) lib/puma/server.rb:660:in `handle_request'
puma (3.12.1) lib/puma/server.rb:474:in `process_client'
puma (3.12.1) lib/puma/server.rb:334:in `block in run'
puma (3.12.1) lib/puma/thread_pool.rb:135:in `block in spawn_thread'
Started GET "/" for ::1 at 2019-08-05 01:27:26 +0530
Processing by InvoiceParserController#index as HTML
  Rendering invoice_parser/index.html.erb within layouts/application
  Rendered invoice_parser/index.html.erb within layouts/application (3.3ms)
Completed 200 OK in 51ms (Views: 48.0ms | ActiveRecord: 0.0ms)


Started POST "/parse_invoice" for ::1 at 2019-08-05 01:27:32 +0530
Processing by InvoiceParserController#parse_invoice as HTML
  Parameters: {"utf8"=>"✓", "authenticity_token"=>"wVJZ8/Y3I/nCxCTaSMpcIO6sFKF5Kbd2RrZZwexNpkMMru3Qwl9kEmmSJ66FAGg4gJ2ETbV/sDu0DWTo+C7kcg==", "file"=>#<ActionDispatch::Http::UploadedFile:0x00007fb622374a30 @tempfile=#<Tempfile:/tmp/amit/RackMultipart20190805-7535-v93k05.txt>, @original_filename="input_user_story_1.txt", @content_type="text/plain", @headers="Content-Disposition: form-data; name=\"file\"; filename=\"input_user_story_1.txt\"\r\nContent-Type: text/plain\r\n">, "commit"=>"upload"}
Sent file output_user_story_1.txt (0.5ms)
Completed 200 OK in 15ms (ActiveRecord: 0.0ms)


Started GET "/" for ::1 at 2019-08-05 01:27:41 +0530
Processing by InvoiceParserController#index as HTML
  Rendering invoice_parser/index.html.erb within layouts/application
  Rendered invoice_parser/index.html.erb within layouts/application (1.0ms)
Completed 200 OK in 14ms (Views: 13.2ms | ActiveRecord: 0.0ms)


Started GET "/" for ::1 at 2019-08-05 01:27:52 +0530
Processing by InvoiceParserController#index as HTML
  Rendering invoice_parser/index.html.erb within layouts/application
  Rendered invoice_parser/index.html.erb within layouts/application (2.4ms)
Completed 200 OK in 37ms (Views: 32.7ms | ActiveRecord: 0.0ms)


Started GET "/" for ::1 at 2019-08-05 01:28:07 +0530
Processing by InvoiceParserController#index as HTML
  Rendering invoice_parser/index.html.erb within layouts/application
  Rendered invoice_parser/index.html.erb within layouts/application (0.8ms)
Completed 200 OK in 21ms (Views: 17.4ms | ActiveRecord: 0.0ms)


Started GET "/" for ::1 at 2019-08-05 01:28:36 +0530
Processing by InvoiceParserController#index as HTML
  Rendering invoice_parser/index.html.erb within layouts/application
  Rendered invoice_parser/index.html.erb within layouts/application (3.8ms)
Completed 200 OK in 53ms (Views: 48.3ms | ActiveRecord: 0.0ms)


Started POST "/parse_invoice" for ::1 at 2019-08-05 01:28:45 +0530
Processing by InvoiceParserController#parse_invoice as HTML
  Parameters: {"utf8"=>"✓", "authenticity_token"=>"GPq1vzTzJRtU+mxRDkZYRA1171oKjNFh37w1Oz3cYa3VBgGcAJti8P+sbyXDjGxcY0R/tsba1iwtBwgSKb8jnA==", "commit"=>"upload"}
Completed 500 Internal Server Error in 9ms (ActiveRecord: 0.0ms)


  
NoMethodError (undefined method `path' for nil:NilClass):
  
app/controllers/invoice_parser_controller.rb:10:in `parse_invoice'
Started GET "/" for ::1 at 2019-08-05 01:29:14 +0530
Processing by InvoiceParserController#index as HTML
  Rendering invoice_parser/index.html.erb within layouts/application
  Rendered invoice_parser/index.html.erb within layouts/application (677.9ms)
Completed 500 Internal Server Error in 685ms (ActiveRecord: 0.0ms)


  
ActionView::Template::Error (undefined local variable or method `trues' for #<#<Class:0x0000000003920e98>:0x00007fb622276ea8>
Did you mean?  trust):
    18: <%= form_tag '/parse_invoice', accept: '.txt', multipart: true do %>
    19:   <label for="file">Upload File</label> 
    20:   <div class=".form-group">
    21:     <%= file_field_tag "file", class: "form-control", required: trues %>
    22:   </div>
    23:   <br>
    24:   <%= submit_tag "upload", class: "btn btn-default"%>
  
app/views/invoice_parser/index.html.erb:21:in `block in _app_views_invoice_parser_index_html_erb__4165782217701904032_70210116893900'
app/views/invoice_parser/index.html.erb:18:in `_app_views_invoice_parser_index_html_erb__4165782217701904032_70210116893900'
Started GET "/" for ::1 at 2019-08-05 01:29:32 +0530
Processing by InvoiceParserController#index as HTML
  Rendering invoice_parser/index.html.erb within layouts/application
  Rendered invoice_parser/index.html.erb within layouts/application (2.6ms)
Completed 200 OK in 94ms (Views: 83.3ms | ActiveRecord: 0.0ms)


Started POST "/parse_invoice" for ::1 at 2019-08-05 01:29:44 +0530
Processing by InvoiceParserController#parse_invoice as HTML
  Parameters: {"utf8"=>"✓", "authenticity_token"=>"W3fd9KveoWWW5wFuwmmFJha1G0In5Fxni02YVZUVl3mWi2nXn7bmjj2xAhoPo7E+eISLruuyWyp59qV8gXbVSA==", "file"=>#<ActionDispatch::Http::UploadedFile:0x00007fb622628240 @tempfile=#<Tempfile:/tmp/amit/RackMultipart20190805-7535-1l3hhwo.txt>, @original_filename="input_user_story_1.txt", @content_type="text/plain", @headers="Content-Disposition: form-data; name=\"file\"; filename=\"input_user_story_1.txt\"\r\nContent-Type: text/plain\r\n">, "commit"=>"upload"}
Sent file output_user_story_1.txt (0.2ms)
Completed 200 OK in 4ms (ActiveRecord: 0.0ms)


Started GET "/" for ::1 at 2019-08-05 01:30:36 +0530
Processing by InvoiceParserController#index as HTML
  Rendering invoice_parser/index.html.erb within layouts/application
  Rendered invoice_parser/index.html.erb within layouts/application (1.9ms)
Completed 200 OK in 20ms (Views: 18.3ms | ActiveRecord: 0.0ms)


Started POST "/parse_invoice" for ::1 at 2019-08-05 01:30:43 +0530
Processing by InvoiceParserController#parse_invoice as HTML
  Parameters: {"utf8"=>"✓", "authenticity_token"=>"ZNwhfd6l5zOssSlm+6VR+yxf+Np7JqHXd45wb6LAdwapIJVe6s2g2AfnKhI2b2XjQm5oNrdwppqFNU1GtqM1Nw==", "file"=>#<ActionDispatch::Http::UploadedFile:0x00007fb622170518 @tempfile=#<Tempfile:/tmp/amit/RackMultipart20190805-7535-1oacudp.txt>, @original_filename="input_user_story_1.txt", @content_type="text/plain", @headers="Content-Disposition: form-data; name=\"file\"; filename=\"input_user_story_1.txt\"\r\nContent-Type: text/plain\r\n">, "commit"=>"upload"}
Sent file output_user_story_1.txt (0.4ms)
Completed 200 OK in 17ms (ActiveRecord: 0.0ms)


Started GET "/" for ::1 at 2019-08-05 02:26:41 +0530
Processing by InvoiceParserController#index as HTML
  Rendering invoice_parser/index.html.erb within layouts/application
  Rendered invoice_parser/index.html.erb within layouts/application (14.0ms)
Completed 200 OK in 1522ms (Views: 1463.6ms | ActiveRecord: 0.0ms)


Started POST "/parse_invoice" for ::1 at 2019-08-05 02:26:53 +0530
Processing by InvoiceParserController#parse_invoice as HTML
  Parameters: {"utf8"=>"✓", "authenticity_token"=>"r1gc+ECR3aoOabtaGPBTsC2DPc63V8OkIgVxmL56KYNipKjbdPmaQaU/uC7VOmeoQ7KtInsBxOnQvkyxqhlrsg==", "file"=>#<ActionDispatch::Http::UploadedFile:0x00007fe6a40631b8 @tempfile=#<Tempfile:/tmp/amit/RackMultipart20190805-14698-1us70sl.txt>, @original_filename="input_user_story_1.txt", @content_type="text/plain", @headers="Content-Disposition: form-data; name=\"file\"; filename=\"input_user_story_1.txt\"\r\nContent-Type: text/plain\r\n">, "commit"=>"upload"}
Sent file output_parsed_numbers.txt (0.7ms)
Completed 200 OK in 23ms (ActiveRecord: 0.0ms)


Started GET "/" for ::1 at 2019-08-05 02:40:14 +0530
Processing by InvoiceParserController#index as HTML
  Rendering invoice_parser/index.html.erb within layouts/application
  Rendered invoice_parser/index.html.erb within layouts/application (5.8ms)
Completed 200 OK in 818ms (Views: 787.3ms | ActiveRecord: 0.0ms)


Started POST "/parse_invoice" for ::1 at 2019-08-05 02:40:34 +0530
Processing by InvoiceParserController#parse_invoice as HTML
  Parameters: {"utf8"=>"✓", "authenticity_token"=>"sBE28Gp0G+N2jjGl9+7fSOPLY6hQWs3sJpasIWYZa5ngR21cBWaWIild3iJM0QxAHOdXRn5KT7IKIvOvI+0SvA==", "file"=>#<ActionDispatch::Http::UploadedFile:0x00007f692a643d50 @tempfile=#<Tempfile:/tmp/amit/RackMultipart20190805-15471-k2kuaq.txt>, @original_filename="input_user_story_1.txt", @content_type="text/plain", @headers="Content-Disposition: form-data; name=\"file\"; filename=\"input_user_story_1.txt\"\r\nContent-Type: text/plain\r\n">, "commit"=>"upload"}
Sent file output_parsed_numbers.txt (0.7ms)
Completed 200 OK in 16ms (ActiveRecord: 0.0ms)


Started GET "/" for ::1 at 2019-08-05 02:44:57 +0530
Started GET "/" for ::1 at 2019-08-05 02:44:57 +0530
Processing by InvoiceParserController#index as HTML
Processing by InvoiceParserController#index as HTML
  Rendering invoice_parser/index.html.erb within layouts/application
  Rendering invoice_parser/index.html.erb within layouts/application
  Rendered invoice_parser/index.html.erb within layouts/application (6.9ms)
  Rendered invoice_parser/index.html.erb within layouts/application (7.1ms)
Completed 200 OK in 1581ms (Views: 1550.1ms | ActiveRecord: 0.0ms)


Completed 200 OK in 1581ms (Views: 1564.1ms | ActiveRecord: 0.0ms)


Started POST "/parse_invoice" for ::1 at 2019-08-05 02:45:14 +0530
Processing by InvoiceParserController#parse_invoice as HTML
  Parameters: {"utf8"=>"✓", "authenticity_token"=>"Yt0Rv6ZclktLbD+btjnf7uCmOTfllfb7dvdZUJAxjphMHomEc9u4X95OIIpnk2U4B4OBXGE/fvCswqZVvHvylA==", "file"=>#<ActionDispatch::Http::UploadedFile:0x00007f0df4108700 @tempfile=#<Tempfile:/tmp/amit/RackMultipart20190805-15733-5utwlv.txt>, @original_filename="input_user_story_1.txt", @content_type="text/plain", @headers="Content-Disposition: form-data; name=\"file\"; filename=\"input_user_story_1.txt\"\r\nContent-Type: text/plain\r\n">, "commit"=>"upload"}
Sent file output_parsed_numbers.txt (0.5ms)
Completed 200 OK in 273ms (ActiveRecord: 0.0ms)


Started GET "/" for ::1 at 2019-08-05 02:47:08 +0530
Processing by InvoiceParserController#index as HTML
  Rendering invoice_parser/index.html.erb within layouts/application
  Rendered invoice_parser/index.html.erb within layouts/application (3.0ms)
Completed 200 OK in 60ms (Views: 55.1ms | ActiveRecord: 0.0ms)


Started POST "/parse_invoice" for ::1 at 2019-08-05 02:47:15 +0530
Processing by InvoiceParserController#parse_invoice as HTML
  Parameters: {"utf8"=>"✓", "authenticity_token"=>"9/dM2ic2DQ6a3nWA03xuHasat+GvWSwK2zKdx3N6xd7ZNNTh8rEjGg/8apEC1tTLTD8PiivzpAEBB2LCXzC50g==", "file"=>#<ActionDispatch::Http::UploadedFile:0x00007f0df4bf4510 @tempfile=#<Tempfile:/tmp/amit/RackMultipart20190805-15733-1nb4q3j.txt>, @original_filename="input_user_story_1.txt", @content_type="text/plain", @headers="Content-Disposition: form-data; name=\"file\"; filename=\"input_user_story_1.txt\"\r\nContent-Type: text/plain\r\n">, "commit"=>"upload"}
Sent file output_parsed_numbers.txt (0.3ms)
Completed 200 OK in 104ms (ActiveRecord: 0.0ms)


Started GET "/" for ::1 at 2019-08-07 14:27:24 +0530
Processing by InvoiceParserController#index as HTML
  Rendering invoice_parser/index.html.erb within layouts/application
  Rendered invoice_parser/index.html.erb within layouts/application (3.8ms)
Completed 200 OK in 245ms (Views: 237.8ms | ActiveRecord: 0.0ms)


Started POST "/parse_invoice" for ::1 at 2019-08-07 14:27:38 +0530
Processing by InvoiceParserController#parse_invoice as HTML
  Parameters: {"utf8"=>"✓", "authenticity_token"=>"JGxS2/6lSwK3R06aYtJQh2FlLHr91knUlAAabR1U8xpHF+piZ97AF4zVibKWTpq4wCFfL+zucZiCa1AMM6068A==", "file"=>#<ActionDispatch::Http::UploadedFile:0x00000000022e1678 @tempfile=#<Tempfile:/tmp/amit/RackMultipart20190807-16166-1gkwkqn.txt>, @original_filename="input_user_story_1.txt", @content_type="text/plain", @headers="Content-Disposition: form-data; name=\"file\"; filename=\"input_user_story_1.txt\"\r\nContent-Type: text/plain\r\n">, "commit"=>"upload"}
Sent file output_parsed_numbers.txt (0.2ms)
Completed 200 OK in 177ms (ActiveRecord: 0.0ms)


Started GET "/" for ::1 at 2019-08-07 14:29:13 +0530
Processing by InvoiceParserController#index as HTML
  Rendering invoice_parser/index.html.erb within layouts/application
  Rendered invoice_parser/index.html.erb within layouts/application (1.4ms)
Completed 200 OK in 29ms (Views: 27.5ms | ActiveRecord: 0.0ms)


Started POST "/parse_invoice" for ::1 at 2019-08-07 14:29:32 +0530
Processing by InvoiceParserController#parse_invoice as HTML
  Parameters: {"utf8"=>"✓", "authenticity_token"=>"vTR7+cC4q3qn2kOXbeu7Eq9T14zUIfHbQ9YgMJomlz/eT8NAWcMgb5xIhL+Zd3EtDhek2cUZyZdVvWpRtN9e1Q==", "file"=>#<ActionDispatch::Http::UploadedFile:0x00007f280c148468 @tempfile=#<Tempfile:/tmp/amit/RackMultipart20190807-16166-15q4ay8.txt>, @original_filename="output_user_story_2.txt", @content_type="text/plain", @headers="Content-Disposition: form-data; name=\"file\"; filename=\"output_user_story_2.txt\"\r\nContent-Type: text/plain\r\n">, "commit"=>"upload"}
Completed 500 Internal Server Error in 5ms (ActiveRecord: 0.0ms)


  
NoMethodError (undefined method `join' for nil:NilClass):
  
app/controllers/invoice_parser_controller.rb:63:in `block in print_digital'
app/controllers/invoice_parser_controller.rb:58:in `times'
app/controllers/invoice_parser_controller.rb:58:in `each'
app/controllers/invoice_parser_controller.rb:58:in `map'
app/controllers/invoice_parser_controller.rb:58:in `print_digital'
app/controllers/invoice_parser_controller.rb:18:in `block in parse_invoice'
app/controllers/invoice_parser_controller.rb:17:in `each'
app/controllers/invoice_parser_controller.rb:17:in `parse_invoice'
Started GET "/" for ::1 at 2019-08-07 14:46:19 +0530
Processing by InvoiceParserController#index as HTML
  Rendering invoice_parser/index.html.erb within layouts/application
  Rendered invoice_parser/index.html.erb within layouts/application (1.1ms)
Completed 200 OK in 19ms (Views: 17.5ms | ActiveRecord: 0.0ms)


Started POST "/parse_invoice" for ::1 at 2019-08-07 14:46:32 +0530
Processing by InvoiceParserController#parse_invoice as HTML
  Parameters: {"utf8"=>"✓", "authenticity_token"=>"lStC69ZkOhYkAMwFbAL4Q8iy/wFIDLSIqUHcIco+y832UPpSTx+xAx+SCy2YnjJ8afaMVFk0jMS/KpZA5McCJw==", "file"=>#<ActionDispatch::Http::UploadedFile:0x00007f28065a72d0 @tempfile=#<Tempfile:/tmp/amit/RackMultipart20190807-16166-13oljab.txt>, @original_filename="input_user_story_1.txt", @content_type="text/plain", @headers="Content-Disposition: form-data; name=\"file\"; filename=\"input_user_story_1.txt\"\r\nContent-Type: text/plain\r\n">, "commit"=>"upload"}
Sent file output_parsed_numbers.txt (0.3ms)
Completed 200 OK in 6ms (ActiveRecord: 0.0ms)


Started GET "/" for ::1 at 2019-08-07 14:59:57 +0530
Processing by InvoiceParserController#index as HTML
  Rendering invoice_parser/index.html.erb within layouts/application
  Rendered invoice_parser/index.html.erb within layouts/application (1.1ms)
Completed 200 OK in 20ms (Views: 19.0ms | ActiveRecord: 0.0ms)


Started POST "/parse_invoice" for ::1 at 2019-08-07 15:00:10 +0530
Processing by InvoiceParserController#parse_invoice as HTML
  Parameters: {"utf8"=>"✓", "authenticity_token"=>"s6Ol+oW6aerIczbiQrDyuDXygeMizF7H4+wNyBpPhA/Q2B1DHMHi//Ph8cq2LDiHlLbytjP0Zov1h0epNLZN5Q==", "file"=>#<ActionDispatch::Http::UploadedFile:0x00007f280583f7c8 @tempfile=#<Tempfile:/tmp/amit/RackMultipart20190807-16166-bwylxh.txt>, @original_filename="input_user_story_1.txt", @content_type="text/plain", @headers="Content-Disposition: form-data; name=\"file\"; filename=\"input_user_story_1.txt\"\r\nContent-Type: text/plain\r\n">, "commit"=>"upload"}
Sent file output_parsed_numbers.txt (0.4ms)
Completed 200 OK in 9ms (ActiveRecord: 0.0ms)


Started GET "/" for ::1 at 2019-08-07 15:01:19 +0530
Processing by InvoiceParserController#index as HTML
  Rendering invoice_parser/index.html.erb within layouts/application
  Rendered invoice_parser/index.html.erb within layouts/application (1.9ms)
Completed 200 OK in 34ms (Views: 30.9ms | ActiveRecord: 0.0ms)


Started POST "/parse_invoice" for ::1 at 2019-08-07 15:01:26 +0530
Processing by InvoiceParserController#parse_invoice as HTML
  Parameters: {"utf8"=>"✓", "authenticity_token"=>"4p9kt2pJSVao/Lzp8X8m9iiu8d9defMHZQOurvj39qmB5NwO8zLCQ5Nue8EF4+zJieqCikxBy0tzaOTP1g4/Qw==", "file"=>#<ActionDispatch::Http::UploadedFile:0x00000000045a0060 @tempfile=#<Tempfile:/tmp/amit/RackMultipart20190807-16166-2fx7jb.txt>, @original_filename="input_user_story_1.txt", @content_type="text/plain", @headers="Content-Disposition: form-data; name=\"file\"; filename=\"input_user_story_1.txt\"\r\nContent-Type: text/plain\r\n">, "commit"=>"upload"}
Sent file output_parsed_numbers.txt (0.3ms)
Completed 200 OK in 11ms (ActiveRecord: 0.0ms)


Started GET "/" for ::1 at 2019-08-07 15:02:44 +0530
Processing by InvoiceParserController#index as HTML
  Rendering invoice_parser/index.html.erb within layouts/application
  Rendered invoice_parser/index.html.erb within layouts/application (0.9ms)
Completed 200 OK in 25ms (Views: 23.8ms | ActiveRecord: 0.0ms)


Started POST "/parse_invoice" for ::1 at 2019-08-07 15:02:51 +0530
Processing by InvoiceParserController#parse_invoice as HTML
  Parameters: {"utf8"=>"✓", "authenticity_token"=>"6wy9DuoALQVQPpOtOTc3atKn6hW32UOpl+M/LwlaUJaIdwW3c3umEGusVIXNq/1Vc+OZQKbhe+WBiHVOJ6OZfA==", "file"=>#<ActionDispatch::Http::UploadedFile:0x00007f280c9485f0 @tempfile=#<Tempfile:/tmp/amit/RackMultipart20190807-16166-pk1d7i.txt>, @original_filename="input_user_story_1.txt", @content_type="text/plain", @headers="Content-Disposition: form-data; name=\"file\"; filename=\"input_user_story_1.txt\"\r\nContent-Type: text/plain\r\n">, "commit"=>"upload"}
Sent file output_parsed_numbers.txt (0.6ms)
Completed 200 OK in 9ms (ActiveRecord: 0.0ms)


Started GET "/" for ::1 at 2019-08-07 15:03:29 +0530
Processing by InvoiceParserController#index as HTML
  Rendering invoice_parser/index.html.erb within layouts/application
  Rendered invoice_parser/index.html.erb within layouts/application (1.9ms)
Completed 200 OK in 29ms (Views: 26.2ms | ActiveRecord: 0.0ms)


Started POST "/parse_invoice" for ::1 at 2019-08-07 15:03:39 +0530
Processing by InvoiceParserController#parse_invoice as HTML
  Parameters: {"utf8"=>"✓", "authenticity_token"=>"Z1kv/6sNxMR97eCRq1urG+T0bk1CHGE3rVmBB6KBNpMEIpdGMnZP0UZ/J7lfx2EkRbAdGFMkWXu7MstmjHj/eQ==", "file"=>#<ActionDispatch::Http::UploadedFile:0x00007f280c79eda8 @tempfile=#<Tempfile:/tmp/amit/RackMultipart20190807-16166-di8imi.txt>, @original_filename="input_user_story_1.txt", @content_type="text/plain", @headers="Content-Disposition: form-data; name=\"file\"; filename=\"input_user_story_1.txt\"\r\nContent-Type: text/plain\r\n">, "commit"=>"upload"}
Sent file output_parsed_numbers.txt (0.2ms)
Completed 200 OK in 6ms (ActiveRecord: 0.0ms)


Started GET "/" for ::1 at 2019-08-07 15:06:07 +0530
Processing by InvoiceParserController#index as HTML
  Rendering invoice_parser/index.html.erb within layouts/application
  Rendered invoice_parser/index.html.erb within layouts/application (1.7ms)
Completed 200 OK in 211ms (Views: 201.9ms | ActiveRecord: 0.0ms)


Started POST "/parse_invoice" for ::1 at 2019-08-07 15:06:56 +0530
Processing by InvoiceParserController#parse_invoice as HTML
  Parameters: {"utf8"=>"✓", "authenticity_token"=>"z8O1uF2ofh6emY+hMGPO1lLo8S+UYJTpsQRuAysJxGisuA0BxNP1C6ULSInE/wTp86yCeoVYrKWnbyRiBfANgg==", "file"=>#<ActionDispatch::Http::UploadedFile:0x000000000382c140 @tempfile=#<Tempfile:/tmp/amit/RackMultipart20190807-18592-dqi5gg.txt>, @original_filename="input_user_story_1.txt", @content_type="text/plain", @headers="Content-Disposition: form-data; name=\"file\"; filename=\"input_user_story_1.txt\"\r\nContent-Type: text/plain\r\n">, "commit"=>"upload"}
Sent file output_parsed_numbers.txt (0.2ms)
Completed 200 OK in 105ms (ActiveRecord: 0.0ms)


Started GET "/" for ::1 at 2019-08-07 15:07:09 +0530
Processing by InvoiceParserController#index as HTML
  Rendering invoice_parser/index.html.erb within layouts/application
  Rendered invoice_parser/index.html.erb within layouts/application (1.3ms)
Completed 200 OK in 39ms (Views: 37.5ms | ActiveRecord: 0.0ms)


Started POST "/parse_invoice" for ::1 at 2019-08-07 15:07:17 +0530
Processing by InvoiceParserController#parse_invoice as HTML
  Parameters: {"utf8"=>"✓", "authenticity_token"=>"hXuhVQtl8vxD/HUjR6q7mjztljiHbo2gAQ8NJuHEiZ3mABnskh556XhusguzNnGlnanlbZZWtewXZEdHzz1Adw==", "file"=>#<ActionDispatch::Http::UploadedFile:0x00007ff6e61bec90 @tempfile=#<Tempfile:/tmp/amit/RackMultipart20190807-18592-vv5hqd.txt>, @original_filename="output_user_story_2.txt", @content_type="text/plain", @headers="Content-Disposition: form-data; name=\"file\"; filename=\"output_user_story_2.txt\"\r\nContent-Type: text/plain\r\n">, "commit"=>"upload"}
Completed 500 Internal Server Error in 3ms (ActiveRecord: 0.0ms)


  
NoMethodError (undefined method `join' for nil:NilClass):
  
app/controllers/invoice_parser_controller.rb:62:in `block in print_digital'
app/controllers/invoice_parser_controller.rb:57:in `times'
app/controllers/invoice_parser_controller.rb:57:in `each'
app/controllers/invoice_parser_controller.rb:57:in `map'
app/controllers/invoice_parser_controller.rb:57:in `print_digital'
app/controllers/invoice_parser_controller.rb:18:in `block in parse_invoice'
app/controllers/invoice_parser_controller.rb:17:in `each'
app/controllers/invoice_parser_controller.rb:17:in `parse_invoice'
Started GET "/" for ::1 at 2019-08-07 15:07:24 +0530
Processing by InvoiceParserController#index as HTML
  Rendering invoice_parser/index.html.erb within layouts/application
  Rendered invoice_parser/index.html.erb within layouts/application (1.3ms)
Completed 200 OK in 25ms (Views: 22.2ms | ActiveRecord: 0.0ms)


Started POST "/parse_invoice" for ::1 at 2019-08-07 15:07:31 +0530
Processing by InvoiceParserController#parse_invoice as HTML
  Parameters: {"utf8"=>"✓", "authenticity_token"=>"BaMyTMmdLbjhJ1zCQOEdavqhqBytKFqxG0Kt0qlUe7Vm2Ir1UOamrdq1m+q0fddVW+XbSbwQYv0NKeezh62yXw==", "file"=>#<ActionDispatch::Http::UploadedFile:0x00007ff6d858bde0 @tempfile=#<Tempfile:/tmp/amit/RackMultipart20190807-18592-dd9au7.txt>, @original_filename="input_user_story_1.txt", @content_type="text/plain", @headers="Content-Disposition: form-data; name=\"file\"; filename=\"input_user_story_1.txt\"\r\nContent-Type: text/plain\r\n">, "commit"=>"upload"}
Sent file output_parsed_numbers.txt (0.3ms)
Completed 200 OK in 10ms (ActiveRecord: 0.0ms)


Started GET "/" for ::1 at 2019-08-07 15:08:09 +0530
Processing by InvoiceParserController#index as HTML
  Rendering invoice_parser/index.html.erb within layouts/application
  Rendered invoice_parser/index.html.erb within layouts/application (1.0ms)
Completed 200 OK in 14ms (Views: 12.7ms | ActiveRecord: 0.0ms)


Started POST "/parse_invoice" for ::1 at 2019-08-07 15:08:21 +0530
Processing by InvoiceParserController#parse_invoice as HTML
  Parameters: {"utf8"=>"✓", "authenticity_token"=>"JYs5jVysfPhHTSjRUAIYWM6XUTcIHc+4FCFPWwnttWZG8IE0xdf37Xzf7/mkntJnb9MiYhkl9/QCSgU6JxR8jA==", "file"=>#<ActionDispatch::Http::UploadedFile:0x00007ff6d8411578 @tempfile=#<Tempfile:/tmp/amit/RackMultipart20190807-18592-134suer.txt>, @original_filename="input_user_story_1.txt", @content_type="text/plain", @headers="Content-Disposition: form-data; name=\"file\"; filename=\"input_user_story_1.txt\"\r\nContent-Type: text/plain\r\n">, "commit"=>"upload"}
Sent file output_parsed_numbers.txt (0.2ms)
Completed 200 OK in 119ms (ActiveRecord: 0.0ms)


